Using pre-set license
Built from '2020.3/release' branch; Version is '2020.3.7f1 (dd97f2c94397) revision 14522354'; Using compiler version '192528614'; Build Type 'Release'
OS: 'Windows 10 Home; OS build 19041.1147; Version 2004; 64bit' Language: 'en' Physical Memory: 32702 MB
BatchMode: 1, IsHumanControllingUs: 0, StartBugReporterOnCrash: 0, Is64bit: 1, IsPro: 0

 COMMAND LINE ARGUMENTS:
V:\Program Files\Unity Versions\2020.3.7f1\Editor\Unity.exe
-adb2
-batchMode
-noUpm
-name
AssetImportWorker0
-projectPath
V:/__Game Dev/_Github/Pompous Trash Game Jam 2021/Pompous-Trash-Game-Jam-2021/Unity Files/Pompous Trash Game Jam 2021
-logFile
Logs/AssetImportWorker0.log
-srvPort
61088
Successfully changed project path to: V:/__Game Dev/_Github/Pompous Trash Game Jam 2021/Pompous-Trash-Game-Jam-2021/Unity Files/Pompous Trash Game Jam 2021
V:/__Game Dev/_Github/Pompous Trash Game Jam 2021/Pompous-Trash-Game-Jam-2021/Unity Files/Pompous Trash Game Jam 2021
Using Asset Import Pipeline V2.
Refreshing native plugins compatible for Editor in 31.98 ms, found 0 plugins.
Preloading 0 native plugins for Editor in 0.00 ms.
Initialize engine version: 2020.3.7f1 (dd97f2c94397)
[Subsystems] Discovering subsystems at path V:/Program Files/Unity Versions/2020.3.7f1/Editor/Data/Resources/UnitySubsystems
[Subsystems] Discovering subsystems at path V:/__Game Dev/_Github/Pompous Trash Game Jam 2021/Pompous-Trash-Game-Jam-2021/Unity Files/Pompous Trash Game Jam 2021/Assets
GfxDevice: creating device client; threaded=0
Direct3D:
    Version:  Direct3D 11.0 [level 11.1]
    Renderer: NVIDIA GeForce GTX 1080 (ID=0x1b80)
    Vendor:   
    VRAM:     8079 MB
    Driver:   27.21.14.6647
Initialize mono
Mono path[0] = 'V:/Program Files/Unity Versions/2020.3.7f1/Editor/Data/Managed'
Mono path[1] = 'V:/Program Files/Unity Versions/2020.3.7f1/Editor/Data/MonoBleedingEdge/lib/mono/unityjit'
Mono config path = 'V:/Program Files/Unity Versions/2020.3.7f1/Editor/Data/MonoBleedingEdge/etc'
Using monoOptions --debugger-agent=transport=dt_socket,embedding=1,server=y,suspend=n,address=127.0.0.1:56944
Begin MonoManager ReloadAssembly
Registering precompiled unity dll's ...
Register platform support module: V:/Program Files/Unity Versions/2020.3.7f1/Editor/Data/PlaybackEngines/WebGLSupport/UnityEditor.WebGL.Extensions.dll
Register platform support module: V:/Program Files/Unity Versions/2020.3.7f1/Editor/Data/PlaybackEngines/WindowsStandaloneSupport/UnityEditor.WindowsStandalone.Extensions.dll
Registered in 0.001402 seconds.
Native extension for WindowsStandalone target not found
Native extension for WebGL target not found
Refreshing native plugins compatible for Editor in 31.17 ms, found 0 plugins.
Preloading 0 native plugins for Editor in 0.00 ms.
Mono: successfully reloaded assembly
- Completed reload, in  2.089 seconds
Platform modules already initialized, skipping
Registering precompiled user dll's ...
Registered in 0.000692 seconds.
Begin MonoManager ReloadAssembly
Native extension for WindowsStandalone target not found
Native extension for WebGL target not found
Refreshing native plugins compatible for Editor in 0.30 ms, found 0 plugins.
Preloading 0 native plugins for Editor in 0.00 ms.
Mono: successfully reloaded assembly
- Completed reload, in  0.958 seconds
Platform modules already initialized, skipping
========================================================================
Worker process is ready to serve import requests
Launched and connected shader compiler UnityShaderCompiler.exe after 0.04 seconds
Refreshing native plugins compatible for Editor in 0.30 ms, found 0 plugins.
Preloading 0 native plugins for Editor in 0.00 ms.
Unloading 1530 Unused Serialized files (Serialized files now loaded: 0)
System memory in use before: 76.5 MB.
System memory in use after: 76.5 MB.

Unloading 10 unused Assets to reduce memory usage. Loaded Objects now: 1979.
Total: 2.455500 ms (FindLiveObjects: 0.203000 ms CreateObjectMapping: 0.036100 ms MarkObjects: 2.102800 ms  DeleteObjects: 0.112600 ms)

========================================================================
Received Import Request.
  path: Assets/Prefabs/PlayerVTOL.prefab
  artifactKey: Guid(d11d8b4138dddaf4380444558eafdca7) Importer(815301076,1909f56bfc062723c751e8b465ee728b)
Start importing Assets/Prefabs/PlayerVTOL.prefab using Guid(d11d8b4138dddaf4380444558eafdca7) Importer(815301076,1909f56bfc062723c751e8b465ee728b)  -> (artifact id: 'fb88e3546b8da60f26f5e8e649c2e581') in 0.167787 seconds
  Import took 0.171499 seconds .

========================================================================
Received Import Request.
  Time since last request: 0.000302 seconds.
  path: Assets/Prefabs/Player+Cam Holder.prefab
  artifactKey: Guid(39904590e50698242b496f50f1a11d99) Importer(815301076,1909f56bfc062723c751e8b465ee728b)
Start importing Assets/Prefabs/Player+Cam Holder.prefab using Guid(39904590e50698242b496f50f1a11d99) Importer(815301076,1909f56bfc062723c751e8b465ee728b)  -> (artifact id: 'ee75adcff1c79733fe1134909388def1') in 0.065449 seconds
  Import took 0.069104 seconds .

========================================================================
Received Import Request.
  Time since last request: 0.000243 seconds.
  path: Assets/Prefabs/HUD.prefab
  artifactKey: Guid(d65b6bba3124b9c46a6581dc3a051327) Importer(815301076,1909f56bfc062723c751e8b465ee728b)
Start importing Assets/Prefabs/HUD.prefab using Guid(d65b6bba3124b9c46a6581dc3a051327) Importer(815301076,1909f56bfc062723c751e8b465ee728b)  -> (artifact id: 'cc3e222d8331fda27014367c761542f3') in 0.055782 seconds
  Import took 0.058998 seconds .

========================================================================
Received Import Request.
  Time since last request: 0.000303 seconds.
  path: Assets/Prefabs/ScoreHolder.prefab
  artifactKey: Guid(08bda1054668ec743a13313d88345853) Importer(815301076,1909f56bfc062723c751e8b465ee728b)
Start importing Assets/Prefabs/ScoreHolder.prefab using Guid(08bda1054668ec743a13313d88345853) Importer(815301076,1909f56bfc062723c751e8b465ee728b)  -> (artifact id: '86bdd2a132dd44bbb9bbff02c98e1057') in 0.003525 seconds
  Import took 0.006287 seconds .

========================================================================
Received Prepare
Registering precompiled user dll's ...
Registered in 0.000682 seconds.
Begin MonoManager ReloadAssembly
Native extension for WindowsStandalone target not found
Native extension for WebGL target not found
Refreshing native plugins compatible for Editor in 0.39 ms, found 0 plugins.
Preloading 0 native plugins for Editor in 0.00 ms.
Mono: successfully reloaded assembly
- Completed reload, in  0.916 seconds
Platform modules already initialized, skipping
Refreshing native plugins compatible for Editor in 0.38 ms, found 0 plugins.
Preloading 0 native plugins for Editor in 0.00 ms.
Unloading 1502 Unused Serialized files (Serialized files now loaded: 0)
System memory in use before: 77.5 MB.
System memory in use after: 77.6 MB.

Unloading 13 unused Assets to reduce memory usage. Loaded Objects now: 1992.
Total: 1.895900 ms (FindLiveObjects: 0.244800 ms CreateObjectMapping: 0.035700 ms MarkObjects: 1.511800 ms  DeleteObjects: 0.102000 ms)

========================================================================
Received Import Request.
  Time since last request: 1351.391405 seconds.
  path: Assets/Scenes/lvl_02.unity
  artifactKey: Guid(09c465ecc080dcb47b8ae15dc85f9a80) Importer(815301076,1909f56bfc062723c751e8b465ee728b)
Start importing Assets/Scenes/lvl_02.unity using Guid(09c465ecc080dcb47b8ae15dc85f9a80) Importer(815301076,1909f56bfc062723c751e8b465ee728b)  -> (artifact id: '067c8c3b3d1e6469041db7cf0d0b7344') in 0.024546 seconds
  Import took 0.027763 seconds .

========================================================================
Received Import Request.
  Time since last request: 47.276762 seconds.
  path: Assets/Scenes/lvl_03.unity
  artifactKey: Guid(0e481618629fb56488b001c90c285046) Importer(815301076,1909f56bfc062723c751e8b465ee728b)
Start importing Assets/Scenes/lvl_03.unity using Guid(0e481618629fb56488b001c90c285046) Importer(815301076,1909f56bfc062723c751e8b465ee728b)  -> (artifact id: '3197ead92799b358ec2a20867cf7ca25') in 0.009320 seconds
  Import took 0.012163 seconds .

========================================================================
Received Import Request.
  Time since last request: 65.340460 seconds.
  path: Assets/Scenes/Testing Scenes/GeradP_Testing 1.unity
  artifactKey: Guid(2cf98d84226ff1447af26e57012335b5) Importer(815301076,1909f56bfc062723c751e8b465ee728b)
Start importing Assets/Scenes/Testing Scenes/GeradP_Testing 1.unity using Guid(2cf98d84226ff1447af26e57012335b5) Importer(815301076,1909f56bfc062723c751e8b465ee728b)  -> (artifact id: 'e07809734ddee73e57cc00aba1fb79d3') in 0.009768 seconds
  Import took 0.079185 seconds .

========================================================================
Received Prepare
Registering precompiled user dll's ...
Registered in 0.000931 seconds.
Begin MonoManager ReloadAssembly
Native extension for WindowsStandalone target not found
Native extension for WebGL target not found
Refreshing native plugins compatible for Editor in 0.35 ms, found 0 plugins.
Preloading 0 native plugins for Editor in 0.00 ms.
Mono: successfully reloaded assembly
- Completed reload, in  0.939 seconds
Platform modules already initialized, skipping
Refreshing native plugins compatible for Editor in 0.50 ms, found 0 plugins.
Preloading 0 native plugins for Editor in 0.00 ms.
Unloading 1502 Unused Serialized files (Serialized files now loaded: 0)
System memory in use before: 77.5 MB.
System memory in use after: 77.6 MB.

Unloading 5 unused Assets to reduce memory usage. Loaded Objects now: 1995.
Total: 2.066800 ms (FindLiveObjects: 0.206600 ms CreateObjectMapping: 0.035900 ms MarkObjects: 1.747600 ms  DeleteObjects: 0.075400 ms)

========================================================================
Received Import Request.
  Time since last request: 191.625660 seconds.
  path: Assets/Scenes/lvl_01.unity
  artifactKey: Guid(23ff67a157faac34ebc24de88241c93a) Importer(815301076,1909f56bfc062723c751e8b465ee728b)
Start importing Assets/Scenes/lvl_01.unity using Guid(23ff67a157faac34ebc24de88241c93a) Importer(815301076,1909f56bfc062723c751e8b465ee728b)  -> (artifact id: 'ce3c6b7b1ea90b91f99ce22663c45f64') in 0.024916 seconds
  Import took 0.048079 seconds .

========================================================================
Received Prepare
Registering precompiled user dll's ...
Registered in 0.000760 seconds.
Begin MonoManager ReloadAssembly
Native extension for WindowsStandalone target not found
Native extension for WebGL target not found
Refreshing native plugins compatible for Editor in 0.32 ms, found 0 plugins.
Preloading 0 native plugins for Editor in 0.00 ms.
Mono: successfully reloaded assembly
- Completed reload, in  0.901 seconds
Platform modules already initialized, skipping
Refreshing native plugins compatible for Editor in 0.32 ms, found 0 plugins.
Preloading 0 native plugins for Editor in 0.00 ms.
Unloading 1502 Unused Serialized files (Serialized files now loaded: 0)
System memory in use before: 77.6 MB.
System memory in use after: 77.6 MB.

Unloading 5 unused Assets to reduce memory usage. Loaded Objects now: 1998.
Total: 1.849600 ms (FindLiveObjects: 0.197000 ms CreateObjectMapping: 0.035900 ms MarkObjects: 1.541100 ms  DeleteObjects: 0.074700 ms)

========================================================================
Received Prepare
Registering precompiled user dll's ...
Registered in 0.000826 seconds.
Begin MonoManager ReloadAssembly
Native extension for WindowsStandalone target not found
Native extension for WebGL target not found
Refreshing native plugins compatible for Editor in 0.31 ms, found 0 plugins.
Preloading 0 native plugins for Editor in 0.00 ms.
Mono: successfully reloaded assembly
- Completed reload, in  0.881 seconds
Platform modules already initialized, skipping
Refreshing native plugins compatible for Editor in 0.31 ms, found 0 plugins.
Preloading 0 native plugins for Editor in 0.00 ms.
Unloading 1502 Unused Serialized files (Serialized files now loaded: 0)
System memory in use before: 77.6 MB.
System memory in use after: 77.6 MB.

Unloading 5 unused Assets to reduce memory usage. Loaded Objects now: 2001.
Total: 2.991400 ms (FindLiveObjects: 0.256400 ms CreateObjectMapping: 0.045500 ms MarkObjects: 2.599900 ms  DeleteObjects: 0.088100 ms)

========================================================================
Received Prepare
Registering precompiled user dll's ...
Registered in 0.000673 seconds.
Begin MonoManager ReloadAssembly
Native extension for WindowsStandalone target not found
Native extension for WebGL target not found
Refreshing native plugins compatible for Editor in 0.63 ms, found 0 plugins.
Preloading 0 native plugins for Editor in 0.00 ms.
Mono: successfully reloaded assembly
- Completed reload, in  0.993 seconds
Platform modules already initialized, skipping
Refreshing native plugins compatible for Editor in 0.36 ms, found 0 plugins.
Preloading 0 native plugins for Editor in 0.00 ms.
Unloading 1502 Unused Serialized files (Serialized files now loaded: 0)
System memory in use before: 77.6 MB.
System memory in use after: 77.6 MB.

Unloading 5 unused Assets to reduce memory usage. Loaded Objects now: 2004.
Total: 2.379100 ms (FindLiveObjects: 0.248000 ms CreateObjectMapping: 0.076200 ms MarkObjects: 1.964400 ms  DeleteObjects: 0.088500 ms)

========================================================================
Received Prepare
Registering precompiled user dll's ...
Registered in 0.000695 seconds.
Begin MonoManager ReloadAssembly
Native extension for WindowsStandalone target not found
Native extension for WebGL target not found
Refreshing native plugins compatible for Editor in 0.60 ms, found 0 plugins.
Preloading 0 native plugins for Editor in 0.00 ms.
Mono: successfully reloaded assembly
- Completed reload, in  0.911 seconds
Platform modules already initialized, skipping
Refreshing native plugins compatible for Editor in 0.31 ms, found 0 plugins.
Preloading 0 native plugins for Editor in 0.00 ms.
Unloading 1502 Unused Serialized files (Serialized files now loaded: 0)
System memory in use before: 77.6 MB.
System memory in use after: 77.6 MB.

Unloading 5 unused Assets to reduce memory usage. Loaded Objects now: 2007.
Total: 2.178200 ms (FindLiveObjects: 0.210300 ms CreateObjectMapping: 0.036100 ms MarkObjects: 1.844600 ms  DeleteObjects: 0.086000 ms)

========================================================================
Received Prepare
Registering precompiled user dll's ...
Registered in 0.001120 seconds.
Begin MonoManager ReloadAssembly
Native extension for WindowsStandalone target not found
Native extension for WebGL target not found
Refreshing native plugins compatible for Editor in 0.34 ms, found 0 plugins.
Preloading 0 native plugins for Editor in 0.00 ms.
Mono: successfully reloaded assembly
- Completed reload, in  0.913 seconds
Platform modules already initialized, skipping
Refreshing native plugins compatible for Editor in 0.38 ms, found 0 plugins.
Preloading 0 native plugins for Editor in 0.00 ms.
Unloading 1502 Unused Serialized files (Serialized files now loaded: 0)
System memory in use before: 77.6 MB.
System memory in use after: 77.7 MB.

Unloading 5 unused Assets to reduce memory usage. Loaded Objects now: 2010.
Total: 1.919300 ms (FindLiveObjects: 0.197000 ms CreateObjectMapping: 0.035000 ms MarkObjects: 1.614100 ms  DeleteObjects: 0.072100 ms)

AssetImportWorkerClient::OnTransportError - code=2 error=End of file
